<?xml version="1.0" encoding="UTF-8" ?>
<testsuites>
 <testsuite name="window.uh - Namespace da aplicação" timestamp="2016-05-16T18:47:25" hostname="localhost" time="0.002" errors="0" tests="2" skipped="0" disabled="0" failures="1">
  <testcase classname="window.uh - Namespace da aplicação" name="Verifica se o objeto está no formato esperado" time="0.001" />
  <testcase classname="window.uh - Namespace da aplicação" name="Teste 2" time="0.001">
   <failure type="toEqual" message="Expected Object({ teste: true }) to equal &lt;jasmine.any(Number)&gt;."><![CDATA[Error: Expected Object({ teste: true }) to equal <jasmine.any(Number)>.
    at stack (/home/tsoler/workspace/git/panel-embedded/node_modules/jasmine-core/lib/jasmine-core/jasmine.js:1577:17)
    at buildExpectationResult (/home/tsoler/workspace/git/panel-embedded/node_modules/jasmine-core/lib/jasmine-core/jasmine.js:1547:14)
    at Spec.Env.expectationResultFactory (/home/tsoler/workspace/git/panel-embedded/node_modules/jasmine-core/lib/jasmine-core/jasmine.js:638:18)
    at Spec.addExpectationResult (/home/tsoler/workspace/git/panel-embedded/node_modules/jasmine-core/lib/jasmine-core/jasmine.js:330:34)
    at Expectation.addExpectationResult (/home/tsoler/workspace/git/panel-embedded/node_modules/jasmine-core/lib/jasmine-core/jasmine.js:588:21)
    at Expectation.toEqual (/home/tsoler/workspace/git/panel-embedded/node_modules/jasmine-core/lib/jasmine-core/jasmine.js:1501:12)
    at Object.<anonymous> (uh.spec.js:57:5)
    at attemptSync (/home/tsoler/workspace/git/panel-embedded/node_modules/jasmine-core/lib/jasmine-core/jasmine.js:1886:24)
    at QueueRunner.run (/home/tsoler/workspace/git/panel-embedded/node_modules/jasmine-core/lib/jasmine-core/jasmine.js:1874:9)
    at QueueRunner.execute (/home/tsoler/workspace/git/panel-embedded/node_modules/jasmine-core/lib/jasmine-core/jasmine.js:1859:10)]]>
   </failure>
  </testcase>
 </testsuite>
</testsuites>